<?xml version="1.0" encoding="UTF-8"?>
<testsuites name="Mocha Tests" time="20.472" tests="4" failures="4">
  <testsuite name="Root Suite" timestamp="2025-11-16T23:16:29" tests="0" file="cypress\e2e\todos.cy.ts" time="0.000" failures="0">
  </testsuite>
  <testsuite name="Todos App - E2E" timestamp="2025-11-16T23:16:29" tests="4" time="20.454" failures="4">
    <testcase name="Todos App - E2E Carga la home y muestra la sección de Todos con resumen y filtros" time="0.000" classname="Carga la home y muestra la sección de Todos con resumen y filtros">
      <failure message="Timed out retrying after 4000ms: Expected to find content: &apos;Resumen&apos; within the selector: &apos;h3&apos; but never did." type="AssertionError"><![CDATA[AssertionError: Timed out retrying after 4000ms: Expected to find content: 'Resumen' within the selector: 'h3' but never did.
    at Context.eval (webpack://tp05-web/./cypress/e2e/todos.cy.ts:25:0)]]></failure>
    </testcase>
    <testcase name="Todos App - E2E Permite crear un TODO y mantiene el resumen consistente" time="0.000" classname="Permite crear un TODO y mantiene el resumen consistente">
      <failure message="Timed out retrying after 4000ms: Expected to find content: &apos;Tarea Cypress 1763334994397&apos; within the selector: &apos;ul li&apos; but never did." type="AssertionError"><![CDATA[AssertionError: Timed out retrying after 4000ms: Expected to find content: 'Tarea Cypress 1763334994397' within the selector: 'ul li' but never did.
    at Context.eval (webpack://tp05-web/./cypress/e2e/todos.cy.ts:35:0)]]></failure>
    </testcase>
    <testcase name="Todos App - E2E Permite togglear el estado de un TODO y cambia el texto del botón" time="0.000" classname="Permite togglear el estado de un TODO y cambia el texto del botón">
      <failure message="Timed out retrying after 4000ms: Expected to find content: &apos;Toggle Cypress 1763334999894&apos; within the selector: &apos;ul li&apos; but never did." type="AssertionError"><![CDATA[AssertionError: Timed out retrying after 4000ms: Expected to find content: 'Toggle Cypress 1763334999894' within the selector: 'ul li' but never did.
    at Context.eval (webpack://tp05-web/./cypress/e2e/todos.cy.ts:47:0)]]></failure>
    </testcase>
    <testcase name="Todos App - E2E Muestra un mensaje de error cuando se intenta crear un TODO duplicado" time="0.000" classname="Muestra un mensaje de error cuando se intenta crear un TODO duplicado">
      <failure message="Timed out retrying after 4000ms: Expected to find content: &apos;Duplicado Cypress 1763335005041&apos; within the selector: &apos;ul li&apos; but never did." type="AssertionError"><![CDATA[AssertionError: Timed out retrying after 4000ms: Expected to find content: 'Duplicado Cypress 1763335005041' within the selector: 'ul li' but never did.
    at Context.eval (webpack://tp05-web/./cypress/e2e/todos.cy.ts:65:0)]]></failure>
    </testcase>
  </testsuite>
</testsuites>