<?xml version="1.0" encoding="UTF-8"?>
<testsuites name="Mocha Tests" time="5.847" tests="4" failures="0">
  <testsuite name="Root Suite" timestamp="2025-11-16T23:25:10" tests="0" file="cypress\e2e\todos.cy.ts" time="0.000" failures="0">
  </testsuite>
  <testsuite name="Todos App - E2E" timestamp="2025-11-16T23:25:10" tests="4" time="5.838" failures="0">
    <testcase name="Todos App - E2E Carga la home y muestra la sección de Todos con resumen y filtros" time="0.708" classname="Carga la home y muestra la sección de Todos con resumen y filtros">
    </testcase>
    <testcase name="Todos App - E2E Permite crear un TODO y mantiene el resumen consistente" time="1.267" classname="Permite crear un TODO y mantiene el resumen consistente">
    </testcase>
    <testcase name="Todos App - E2E Permite togglear el estado de un TODO y cambia el texto del botón" time="1.368" classname="Permite togglear el estado de un TODO y cambia el texto del botón">
    </testcase>
    <testcase name="Todos App - E2E Muestra un mensaje de error cuando se intenta crear un TODO duplicado" time="2.268" classname="Muestra un mensaje de error cuando se intenta crear un TODO duplicado">
    </testcase>
  </testsuite>
</testsuites>